<?xml version="1.0" encoding="UTF-8"?>
<testsuite xmlns:xsi="http://www.w3.org/2001/XMLSchema-instance" xsi:noNamespaceSchemaLocation="https://maven.apache.org/surefire/maven-surefire-plugin/xsd/surefire-test-report.xsd" version="3.0.2" name="com.arthur.rentalapi.repository.RentalTypeRepositoryTest" time="5.479" tests="3" errors="0" skipped="0" failures="0" flakes="0">
  <properties>
[...]
</properties>
  <testcase name="testFindByNameContaining" classname="com.arthur.rentalapi.repository.RentalTypeRepositoryTest" time="0.911">
    <system-out><![CDATA[16:58:40.456 [main] INFO org.springframework.test.context.support.AnnotationConfigContextLoaderUtils -- Could not detect default configuration classes for test class [com.arthur.rentalapi.repository.RentalTypeRepositoryTest]: RentalTypeRepositoryTest does not declare any static, non-private, non-final, nested classes annotated with @Configuration.
16:58:40.561 [main] INFO org.springframework.boot.test.context.SpringBootTestContextBootstrapper -- Found @SpringBootConfiguration com.arthur.rentalapi.RentalapiApplication for test class com.arthur.rentalapi.repository.RentalTypeRepositoryTest
16:58:40.632 [main] INFO org.springframework.test.context.support.AnnotationConfigContextLoaderUtils -- Could not detect default configuration classes for test class [com.arthur.rentalapi.repository.RentalTypeRepositoryTest]: RentalTypeRepositoryTest does not declare any static, non-private, non-final, nested classes annotated with @Configuration.
16:58:40.634 [main] INFO org.springframework.boot.test.context.SpringBootTestContextBootstrapper -- Found @SpringBootConfiguration com.arthur.rentalapi.RentalapiApplication for test class com.arthur.rentalapi.repository.RentalTypeRepositoryTest

  .   ____          _            __ _ _
 /\\ / ___'_ __ _ _(_)_ __  __ _ \ \ \ \
( ( )\___ | '_ | '_| | '_ \/ _` | \ \ \ \
 \\/  ___)| |_)| | | | | || (_| |  ) ) ) )
  '  |____| .__|_| |_|_| |_\__, | / / / /
 =========|_|==============|___/=/_/_/_/

 :: Spring Boot ::                (v4.0.5)

2026-04-09T16:58:40.900-03:00  INFO 179680 --- [rentalapi] [           main] c.a.r.r.RentalTypeRepositoryTest         : Starting RentalTypeRepositoryTest using Java 21.0.10 with PID 179680 (started by zarto in /home/zarto/Área de Trabalho/42_TheC_Django_SpringBegan/SpringDays/rentalapi)
2026-04-09T16:58:40.901-03:00  INFO 179680 --- [rentalapi] [           main] c.a.r.r.RentalTypeRepositoryTest         : No active profile set, falling back to 1 default profile: "default"
2026-04-09T16:58:41.626-03:00  INFO 179680 --- [rentalapi] [           main] .s.d.r.c.RepositoryConfigurationDelegate : Bootstrapping Spring Data JPA repositories in DEFAULT mode.
2026-04-09T16:58:41.676-03:00  INFO 179680 --- [rentalapi] [           main] .s.d.r.c.RepositoryConfigurationDelegate : Finished Spring Data repository scanning in 42 ms. Found 3 JPA repository interfaces.
2026-04-09T16:58:42.109-03:00  INFO 179680 --- [rentalapi] [           main] com.zaxxer.hikari.HikariDataSource       : HikariPool-1 - Starting...
2026-04-09T16:58:42.282-03:00  INFO 179680 --- [rentalapi] [           main] com.zaxxer.hikari.pool.HikariPool        : HikariPool-1 - Added connection conn0: url=jdbc:h2:mem:testdb user=SA
2026-04-09T16:58:42.283-03:00  INFO 179680 --- [rentalapi] [           main] com.zaxxer.hikari.HikariDataSource       : HikariPool-1 - Start completed.
2026-04-09T16:58:42.328-03:00  INFO 179680 --- [rentalapi] [           main] org.flywaydb.core.FlywayExecutor         : Database: jdbc:h2:mem:testdb (H2 2.4)
2026-04-09T16:58:42.341-03:00  WARN 179680 --- [rentalapi] [           main] o.f.c.internal.database.base.Database    : Using H2 2.4.240 which is newer than the version Flyway has been verified with. The latest verified version of H2 is 2.3.232.
2026-04-09T16:58:42.360-03:00  INFO 179680 --- [rentalapi] [           main] o.f.c.i.s.JdbcTableSchemaHistory         : Schema history table "PUBLIC"."flyway_schema_history" does not exist yet
2026-04-09T16:58:42.361-03:00  INFO 179680 --- [rentalapi] [           main] o.f.core.internal.command.DbValidate     : Successfully validated 0 migrations (execution time 00:00.005s)
2026-04-09T16:58:42.361-03:00  WARN 179680 --- [rentalapi] [           main] o.f.core.internal.command.DbValidate     : No migrations found. Are your locations set up correctly?
2026-04-09T16:58:42.366-03:00  INFO 179680 --- [rentalapi] [           main] org.flywaydb.core.Flyway                 : All configured schemas are empty; baseline operation skipped. A baseline or migration script with a lower version than the baseline version may execute if available. Check the Schemas parameter if this is not intended.
2026-04-09T16:58:42.367-03:00  INFO 179680 --- [rentalapi] [           main] o.f.c.i.s.JdbcTableSchemaHistory         : Creating Schema History table "PUBLIC"."flyway_schema_history" ...
2026-04-09T16:58:42.407-03:00  INFO 179680 --- [rentalapi] [           main] o.f.core.internal.command.DbMigrate      : Current version of schema "PUBLIC": << Empty Schema >>
2026-04-09T16:58:42.410-03:00  INFO 179680 --- [rentalapi] [           main] o.f.core.internal.command.DbMigrate      : Schema "PUBLIC" is up to date. No migration necessary.
2026-04-09T16:58:42.494-03:00  INFO 179680 --- [rentalapi] [           main] org.hibernate.orm.jpa                    : HHH008540: Processing PersistenceUnitInfo [name: default]
2026-04-09T16:58:42.534-03:00  INFO 179680 --- [rentalapi] [           main] org.hibernate.orm.core                   : HHH000001: Hibernate ORM core version 7.2.7.Final
2026-04-09T16:58:42.884-03:00  INFO 179680 --- [rentalapi] [           main] o.s.o.j.p.SpringPersistenceUnitInfo      : No LoadTimeWeaver setup: ignoring JPA class transformer
2026-04-09T16:58:42.913-03:00  WARN 179680 --- [rentalapi] [           main] org.hibernate.orm.deprecation            : HHH90000025: H2Dialect does not need to be specified explicitly using 'hibernate.dialect' (remove the property setting and it will be selected by default)
2026-04-09T16:58:42.922-03:00  INFO 179680 --- [rentalapi] [           main] org.hibernate.orm.connections.pooling    : HHH10001005: Database info:
	Database JDBC URL [jdbc:h2:mem:testdb]
	Database driver: H2 JDBC Driver
	Database dialect: H2Dialect
	Database version: 2.4.240
	Default catalog/schema: TESTDB/PUBLIC
	Autocommit mode: undefined/unknown
	Isolation level: READ_COMMITTED [default READ_COMMITTED]
	JDBC fetch size: 100
	Pool: DataSourceConnectionProvider
	Minimum pool size: undefined/unknown
	Maximum pool size: undefined/unknown
2026-04-09T16:58:43.468-03:00  INFO 179680 --- [rentalapi] [           main] org.hibernate.orm.core                   : HHH000489: No JTA platform available (set 'hibernate.transaction.jta.platform' to enable JTA platform integration)
Hibernate: 
    drop table if exists client cascade 
Hibernate: 
    drop table if exists rental_type cascade 
Hibernate: 
    drop table if exists reservation cascade 
Hibernate: 
    create table client (
        id bigint generated by default as identity,
        password varchar(25) not null,
        email varchar(255),
        name varchar(255) not null,
        primary key (id)
    )
Hibernate: 
    create table rental_type (
        id bigint generated by default as identity,
        description varchar(255) not null,
        name varchar(255) not null,
        primary key (id)
    )
Hibernate: 
    create table reservation (
        reservation_date date,
        client_id bigint,
        id bigint generated by default as identity,
        rental_type_id bigint,
        primary key (id)
    )
Hibernate: 
    alter table if exists reservation 
       add constraint FKoewar6f18rkn4iptr6da4oysv 
       foreign key (client_id) 
       references client
Hibernate: 
    alter table if exists reservation 
       add constraint FKqhtjyo5ffcktgli4lkujpiepx 
       foreign key (rental_type_id) 
       references rental_type
2026-04-09T16:58:43.493-03:00  INFO 179680 --- [rentalapi] [           main] j.LocalContainerEntityManagerFactoryBean : Initialized JPA EntityManagerFactory for persistence unit 'default'
2026-04-09T16:58:43.635-03:00  INFO 179680 --- [rentalapi] [           main] o.s.d.j.r.query.QueryEnhancerFactories   : Hibernate is in classpath; If applicable, HQL parser will be used.
2026-04-09T16:58:43.958-03:00  WARN 179680 --- [rentalapi] [           main] JpaBaseConfiguration$JpaWebConfiguration : spring.jpa.open-in-view is enabled by default. Therefore, database queries may be performed during view rendering. Explicitly configure spring.jpa.open-in-view to disable this warning
2026-04-09T16:58:44.509-03:00  WARN 179680 --- [rentalapi] [           main] .s.a.UserDetailsServiceAutoConfiguration : 

Using generated security password: ab722a5a-3d6a-40fe-a945-dca09dfb52fb

This generated password is for development use only. Your security configuration must be updated before running your application in production.

2026-04-09T16:58:44.558-03:00  INFO 179680 --- [rentalapi] [           main] r$InitializeUserDetailsManagerConfigurer : Global AuthenticationManager configured with UserDetailsService bean with name inMemoryUserDetailsManager
2026-04-09T16:58:44.806-03:00  INFO 179680 --- [rentalapi] [           main] c.a.r.r.RentalTypeRepositoryTest         : Started RentalTypeRepositoryTest in 4.128 seconds (process running for 5.02)
2026-04-09T16:58:44.809-03:00  WARN 179680 --- [rentalapi] [           main] o.s.core.events.SpringDocAppInitializer  : SpringDoc /v3/api-docs endpoint is enabled by default. To disable it in production, set the property 'springdoc.api-docs.enabled=false'
2026-04-09T16:58:44.810-03:00  WARN 179680 --- [rentalapi] [           main] o.s.core.events.SpringDocAppInitializer  : SpringDoc /swagger-ui.html endpoint is enabled by default. To disable it in production, set the property 'springdoc.swagger-ui.enabled=false'
Hibernate: 
    insert 
    into
        rental_type
        (description, name, id) 
    values
        (?, ?, default)
Hibernate: 
    select
        rt1_0.id,
        rt1_0.description,
        rt1_0.name 
    from
        rental_type rt1_0 
    where
        rt1_0.name like ? escape '\'
]]></system-out>
    <system-err><![CDATA[Mockito is currently self-attaching to enable the inline-mock-maker. This will no longer work in future releases of the JDK. Please add Mockito as an agent to your build as described in Mockito's documentation: https://javadoc.io/doc/org.mockito/mockito-core/latest/org.mockito/org/mockito/Mockito.html#0.3
WARNING: A Java agent has been loaded dynamically (/home/zarto/.m2/repository/net/bytebuddy/byte-buddy-agent/1.17.8/byte-buddy-agent-1.17.8.jar)
WARNING: If a serviceability tool is in use, please run with -XX:+EnableDynamicAgentLoading to hide this warning
WARNING: If a serviceability tool is not in use, please run with -Djdk.instrument.traceUsage for more information
WARNING: Dynamic loading of agents will be disallowed by default in a future release
]]></system-err>
  </testcase>
  <testcase name="testFindAll" classname="com.arthur.rentalapi.repository.RentalTypeRepositoryTest" time="0.032">
    <system-out><![CDATA[Hibernate: 
    insert 
    into
        rental_type
        (description, name, id) 
    values
        (?, ?, default)
Hibernate: 
    insert 
    into
        rental_type
        (description, name, id) 
    values
        (?, ?, default)
Hibernate: 
    select
        rt1_0.id,
        rt1_0.description,
        rt1_0.name 
    from
        rental_type rt1_0
]]></system-out>
  </testcase>
  <testcase name="testSaveAndFindById" classname="com.arthur.rentalapi.repository.RentalTypeRepositoryTest" time="0.014">
    <system-out><![CDATA[Hibernate: 
    insert 
    into
        rental_type
        (description, name, id) 
    values
        (?, ?, default)
Hibernate: 
    select
        rt1_0.id,
        rt1_0.description,
        rt1_0.name 
    from
        rental_type rt1_0 
    where
        rt1_0.id=?
]]></system-out>
  </testcase>
</testsuite>